Migration logfile created on Сб 10 апр 2021 00:08:10 MSK
magic -dnull -noconsole  migrate_map9v3.tcl

Magic 8.3 revision 98 - Compiled on Вс 17 янв 2021 00:19:06 MSK.
Starting magic under Tcl interpreter
Using the terminal as the console.
Using NULL graphics device.
Processing system .magicrc file
Input style lambda=0.20(p): scaleFactor=20, multiplier=1
Contact size value ignored (using GDS generation rules).
Contact size value ignored (using GDS generation rules).
Contact size value ignored (using GDS generation rules).
Contact size value ignored (using GDS generation rules).
Contact size value ignored (using GDS generation rules).
Contact size value ignored (using GDS generation rules).
4 Magic internal units = 1 Lambda
Loading "migrate_map9v3.tcl" from command line.
Root cell box:
           width x height  (   llx,  lly  ), (   urx,  ury  )

microns:    0.00 x 0.00    (  0.00,  0.00 ), (  0.00,  0.00 )
lambda:     0.00 x 0.00    (  0.00,  0.00 ), (  0.00,  0.00 )
internal:      0 x 0       (     0,  0    ), (     0,  0    )
Reading LEF data from file /home/oleg/RTLtoGDS/tech/osu035/osu035_stdcells.lef.
This action cannot be undone.
LEF read, Line 16 (Message): Unknown keyword "OBS" in LEF file; ignoring.
LEF read, Line 17 (Message): Unknown keyword "PIN" in LEF file; ignoring.
LEF read: Processed 3179 lines.
Reading DEF data from file map9v3.def.
This action cannot be undone.
  Processed 3 vias total.
  Processed 285 subcell instances total.
  Processed 40 pins total.
  Processed 218 nets total.
DEF read, Line 2981 (Warning): Number of nets read (22) does not match the number declared (23).
DEF read: Processed 2983 lines.
DEF Read: encountered 1 warning total.
Generating LEF output map9v3.lef for cell map9v3:
Diagnostic:  Write LEF header for cell map9v3
Diagnostic:  Writing LEF output for cell map9v3
Diagnostic:  Scale value is 0.050000
Extracting XNOR2X1 into XNOR2X1.ext:
Extracting XOR2X1 into XOR2X1.ext:
Extracting AOI22X1 into AOI22X1.ext:
Extracting NOR3X1 into NOR3X1.ext:
Extracting INVX4 into INVX4.ext:
Extracting OAI22X1 into OAI22X1.ext:
Extracting NAND3X1 into NAND3X1.ext:
Extracting AND2X2 into AND2X2.ext:
Extracting NAND2X1 into NAND2X1.ext:
Extracting CLKBUF1 into CLKBUF1.ext:
Extracting OAI21X1 into OAI21X1.ext:
Extracting INVX1 into INVX1.ext:
Extracting INVX8 into INVX8.ext:
Extracting AOI21X1 into AOI21X1.ext:
Extracting NOR2X1 into NOR2X1.ext:
Extracting FILL into FILL.ext:
Extracting DFFSR into DFFSR.ext:
Extracting BUFX2 into BUFX2.ext:
Extracting map9v3 into map9v3.ext:
exttospice finished.
Migration script ended on Сб 10 апр 2021 00:08:11 MSK
