Vesta static timing analysis, pin-to-register and register-to-pin maximum timing

Top 20 maximum delay paths:
Path input pin wb_adr_i[1] to _1055_/D delay 2051.02 ps
      0.0 ps  wb_adr_i[1]:         ->  _810_/A
    142.9 ps         _61_: _810_/Y ->  _811_/B
    583.1 ps         _62_: _811_/Y ->  _988_/B
   1433.9 ps        _199_: _988_/Y ->  _989_/C
   1734.4 ps        _200_: _989_/Y ->  _990_/C
   1861.3 ps         _37_: _990_/Y -> _1055_/D

   setup at destination = 189.751

Path input pin wb_adr_i[1] to _1062_/D delay 2051.02 ps
      0.0 ps  wb_adr_i[1]:          ->  _810_/A
    142.9 ps         _61_:  _810_/Y ->  _811_/B
    583.1 ps         _62_:  _811_/Y ->  _988_/B
   1433.9 ps        _199_:  _988_/Y -> _1006_/C
   1734.4 ps        _210_: _1006_/Y -> _1007_/C
   1861.3 ps         _44_: _1007_/Y -> _1062_/D

   setup at destination = 189.751

Path input pin wb_adr_i[1] to _1059_/D delay 2051.02 ps
      0.0 ps  wb_adr_i[1]:          ->  _810_/A
    142.9 ps         _61_:  _810_/Y ->  _811_/B
    583.1 ps         _62_:  _811_/Y ->  _988_/B
   1433.9 ps        _199_:  _988_/Y -> _1000_/C
   1734.4 ps        _207_: _1000_/Y -> _1001_/C
   1861.3 ps         _41_: _1001_/Y -> _1059_/D

   setup at destination = 189.751

Path input pin wb_adr_i[1] to _1058_/D delay 2051.02 ps
      0.0 ps  wb_adr_i[1]:         ->  _810_/A
    142.9 ps         _61_: _810_/Y ->  _811_/B
    583.1 ps         _62_: _811_/Y ->  _988_/B
   1433.9 ps        _199_: _988_/Y ->  _997_/C
   1734.4 ps        _205_: _997_/Y ->  _998_/C
   1861.3 ps         _40_: _998_/Y -> _1058_/D

   setup at destination = 189.751

Path input pin wb_adr_i[1] to _1057_/D delay 2051.02 ps
      0.0 ps  wb_adr_i[1]:         ->  _810_/A
    142.9 ps         _61_: _810_/Y ->  _811_/B
    583.1 ps         _62_: _811_/Y ->  _988_/B
   1433.9 ps        _199_: _988_/Y ->  _994_/C
   1734.4 ps        _203_: _994_/Y ->  _995_/C
   1861.3 ps         _39_: _995_/Y -> _1057_/D

   setup at destination = 189.751

Path input pin wb_adr_i[1] to _1056_/D delay 2051.02 ps
      0.0 ps  wb_adr_i[1]:         ->  _810_/A
    142.9 ps         _61_: _810_/Y ->  _811_/B
    583.1 ps         _62_: _811_/Y ->  _988_/B
   1433.9 ps        _199_: _988_/Y ->  _991_/C
   1734.4 ps        _201_: _991_/Y ->  _992_/C
   1861.3 ps         _38_: _992_/Y -> _1056_/D

   setup at destination = 189.751

Path input pin wb_adr_i[1] to _1061_/D delay 2051.02 ps
      0.0 ps  wb_adr_i[1]:          ->  _810_/A
    142.9 ps         _61_:  _810_/Y ->  _811_/B
    583.1 ps         _62_:  _811_/Y ->  _988_/B
   1433.9 ps        _199_:  _988_/Y -> _1004_/C
   1734.4 ps        _209_: _1004_/Y -> _1005_/C
   1861.3 ps         _43_: _1005_/Y -> _1061_/D

   setup at destination = 189.751

Path input pin wb_adr_i[1] to _1060_/D delay 2051.02 ps
      0.0 ps  wb_adr_i[1]:          ->  _810_/A
    142.9 ps         _61_:  _810_/Y ->  _811_/B
    583.1 ps         _62_:  _811_/Y ->  _988_/B
   1433.9 ps        _199_:  _988_/Y -> _1002_/C
   1734.4 ps        _208_: _1002_/Y -> _1003_/C
   1861.3 ps         _42_: _1003_/Y -> _1060_/D

   setup at destination = 189.751

Path input pin wb_adr_i[0] to _1054_/D delay 1927.29 ps
      0.0 ps  wb_adr_i[0]:         ->  _817_/A
    356.0 ps         _68_: _817_/Y ->  _963_/B
    561.6 ps        _182_: _963_/Y ->  _964_/B
   1311.3 ps        _183_: _964_/Y ->  _986_/C
   1610.8 ps        _198_: _986_/Y ->  _987_/C
   1737.6 ps         _36_: _987_/Y -> _1054_/D

   setup at destination = 189.724

Path input pin wb_adr_i[0] to _1053_/D delay 1927.29 ps
      0.0 ps  wb_adr_i[0]:         ->  _817_/A
    356.0 ps         _68_: _817_/Y ->  _963_/B
    561.6 ps        _182_: _963_/Y ->  _964_/B
   1311.3 ps        _183_: _964_/Y ->  _983_/C
   1610.8 ps        _196_: _983_/Y ->  _984_/C
   1737.6 ps         _35_: _984_/Y -> _1053_/D

   setup at destination = 189.724

Path input pin wb_adr_i[0] to _1052_/D delay 1927.29 ps
      0.0 ps  wb_adr_i[0]:         ->  _817_/A
    356.0 ps         _68_: _817_/Y ->  _963_/B
    561.6 ps        _182_: _963_/Y ->  _964_/B
   1311.3 ps        _183_: _964_/Y ->  _980_/C
   1610.8 ps        _194_: _980_/Y ->  _981_/C
   1737.6 ps         _34_: _981_/Y -> _1052_/D

   setup at destination = 189.724

Path input pin wb_adr_i[0] to _1051_/D delay 1927.29 ps
      0.0 ps  wb_adr_i[0]:         ->  _817_/A
    356.0 ps         _68_: _817_/Y ->  _963_/B
    561.6 ps        _182_: _963_/Y ->  _964_/B
   1311.3 ps        _183_: _964_/Y ->  _977_/C
   1610.8 ps        _192_: _977_/Y ->  _978_/C
   1737.6 ps         _33_: _978_/Y -> _1051_/D

   setup at destination = 189.724

Path input pin wb_adr_i[0] to _1050_/D delay 1927.29 ps
      0.0 ps  wb_adr_i[0]:         ->  _817_/A
    356.0 ps         _68_: _817_/Y ->  _963_/B
    561.6 ps        _182_: _963_/Y ->  _964_/B
   1311.3 ps        _183_: _964_/Y ->  _974_/C
   1610.8 ps        _190_: _974_/Y ->  _975_/C
   1737.6 ps         _32_: _975_/Y -> _1050_/D

   setup at destination = 189.724

Path input pin wb_adr_i[0] to _1049_/D delay 1927.29 ps
      0.0 ps  wb_adr_i[0]:         ->  _817_/A
    356.0 ps         _68_: _817_/Y ->  _963_/B
    561.6 ps        _182_: _963_/Y ->  _964_/B
   1311.3 ps        _183_: _964_/Y ->  _971_/C
   1610.8 ps        _188_: _971_/Y ->  _972_/C
   1737.6 ps         _31_: _972_/Y -> _1049_/D

   setup at destination = 189.724

Path input pin wb_adr_i[0] to _1048_/D delay 1927.29 ps
      0.0 ps  wb_adr_i[0]:         ->  _817_/A
    356.0 ps         _68_: _817_/Y ->  _963_/B
    561.6 ps        _182_: _963_/Y ->  _964_/B
   1311.3 ps        _183_: _964_/Y ->  _968_/C
   1610.8 ps        _186_: _968_/Y ->  _969_/C
   1737.6 ps         _30_: _969_/Y -> _1048_/D

   setup at destination = 189.724

Path input pin wb_adr_i[0] to _1047_/D delay 1927.29 ps
      0.0 ps  wb_adr_i[0]:         ->  _817_/A
    356.0 ps         _68_: _817_/Y ->  _963_/B
    561.6 ps        _182_: _963_/Y ->  _964_/B
   1311.3 ps        _183_: _964_/Y ->  _965_/C
   1610.8 ps        _184_: _965_/Y ->  _966_/C
   1737.6 ps         _29_: _966_/Y -> _1047_/D

   setup at destination = 189.724

Path input pin wb_adr_i[0] to _1063_/D delay 1816.65 ps
      0.0 ps  wb_adr_i[0]:          ->  _812_/A
    106.4 ps         _63_:  _812_/Y ->  _813_/B
    553.9 ps         _64_:  _813_/Y ->  _897_/B
   1277.5 ps        _139_:  _897_/Y -> _1008_/B
   1517.9 ps        _211_: _1008_/Y -> _1009_/C
   1629.5 ps         _45_: _1009_/Y -> _1063_/D

   setup at destination = 187.174

Path input pin wb_adr_i[0] to _1025_/D delay 1816.65 ps
      0.0 ps  wb_adr_i[0]:         ->  _812_/A
    106.4 ps         _63_: _812_/Y ->  _813_/B
    553.9 ps         _64_: _813_/Y ->  _897_/B
   1277.5 ps        _139_: _897_/Y ->  _905_/B
   1517.9 ps        _146_: _905_/Y ->  _906_/C
   1629.5 ps          _7_: _906_/Y -> _1025_/D

   setup at destination = 187.174

Path input pin wb_adr_i[0] to _1024_/D delay 1816.65 ps
      0.0 ps  wb_adr_i[0]:         ->  _812_/A
    106.4 ps         _63_: _812_/Y ->  _813_/B
    553.9 ps         _64_: _813_/Y ->  _897_/B
   1277.5 ps        _139_: _897_/Y ->  _900_/B
   1517.9 ps        _142_: _900_/Y ->  _901_/C
   1629.5 ps          _6_: _901_/Y -> _1024_/D

   setup at destination = 187.174

Path input pin wb_adr_i[0] to _1028_/D delay 1789.89 ps
      0.0 ps  wb_adr_i[0]:         ->  _812_/A
    106.4 ps         _63_: _812_/Y ->  _813_/B
    553.9 ps         _64_: _813_/Y ->  _897_/B
   1277.5 ps        _139_: _897_/Y ->  _914_/S
   1604.3 ps         _10_: _914_/Y -> _1028_/D

   setup at destination = 185.623

-----------------------------------------

