Qflow LVS logfile created on Пт 09 апр 2021 16:30:41 MSK
netgen -batch lvs "i2c_master_top.spice i2c_master_top" "/home/oleg/tool_RTL_to_GDSII/projects/i2c/synthesis/i2c_master_top.spc i2c_master_top" /home/oleg/tool_RTL_to_GDSII/tech/osu035/osu035_setup.tcl comp.out -json -blackbox
Netgen 1.5.163 compiled on Вс 17 янв 2021 00:49:57 MSK
Warning: netgen command 'format' use fully-qualified name '::netgen::format'
Warning: netgen command 'global' use fully-qualified name '::netgen::global'
Generating JSON file result
Treating empty subcircuits as black-box cells
Reading netlist file i2c_master_top.spice
Reading netlist file /home/oleg/tool_RTL_to_GDSII/projects/i2c/synthesis/i2c_master_top.spc
Reading setup file /home/oleg/tool_RTL_to_GDSII/tech/osu035/osu035_setup.tcl
No property w found for device r
No property l found for device r
Error /home/oleg/tool_RTL_to_GDSII/tech/osu035/osu035_setup.tcl:5 (ignoring), No such cell or bad file number!
Error /home/oleg/tool_RTL_to_GDSII/tech/osu035/osu035_setup.tcl:6 (ignoring), No such cell or bad file number!
Warning:  There were errors reading the setup file
Comparison output logged to file comp.out
Logging to file "comp.out" enabled
Contents of circuit 1:  Circuit: 'NOR2X1'
Circuit NOR2X1 contains 0 device instances.
Circuit contains 0 nets.
Contents of circuit 2:  Circuit: 'NOR2X1'
Circuit NOR2X1 contains 4 device instances.
  Class: pfet                  instances:   2
  Class: nfet                  instances:   2
Circuit contains 6 nets.

Circuit NOR2X1 contains no devices.
Contents of circuit 1:  Circuit: 'OAI21X1'
Circuit OAI21X1 contains 0 device instances.
Circuit contains 0 nets.
Contents of circuit 2:  Circuit: 'OAI21X1'
Circuit OAI21X1 contains 6 device instances.
  Class: pfet                  instances:   3
  Class: nfet                  instances:   3
Circuit contains 8 nets.

Circuit OAI21X1 contains no devices.
Contents of circuit 1:  Circuit: 'AOI21X1'
Circuit AOI21X1 contains 0 device instances.
Circuit contains 0 nets.
Contents of circuit 2:  Circuit: 'AOI21X1'
Circuit AOI21X1 contains 6 device instances.
  Class: pfet                  instances:   3
  Class: nfet                  instances:   3
Circuit contains 8 nets.

Circuit AOI21X1 contains no devices.
Contents of circuit 1:  Circuit: 'NAND3X1'
Circuit NAND3X1 contains 0 device instances.
Circuit contains 0 nets.
Contents of circuit 2:  Circuit: 'NAND3X1'
Circuit NAND3X1 contains 6 device instances.
  Class: pfet                  instances:   3
  Class: nfet                  instances:   3
Circuit contains 8 nets.

Circuit NAND3X1 contains no devices.
Contents of circuit 1:  Circuit: 'NAND2X1'
Circuit NAND2X1 contains 0 device instances.
Circuit contains 0 nets.
Contents of circuit 2:  Circuit: 'NAND2X1'
Circuit NAND2X1 contains 4 device instances.
  Class: pfet                  instances:   2
  Class: nfet                  instances:   2
Circuit contains 6 nets.

Circuit NAND2X1 contains no devices.
Contents of circuit 1:  Circuit: 'DFFSR'
Circuit DFFSR contains 0 device instances.
Circuit contains 0 nets.
Contents of circuit 2:  Circuit: 'DFFSR'
Circuit DFFSR contains 32 device instances.
  Class: pfet                  instances:  16
  Class: nfet                  instances:  16
Circuit contains 20 nets.

Circuit DFFSR contains no devices.
Contents of circuit 1:  Circuit: 'BUFX2'
Circuit BUFX2 contains 0 device instances.
Circuit contains 0 nets.
Contents of circuit 2:  Circuit: 'BUFX2'
Circuit BUFX2 contains 4 device instances.
  Class: pfet                  instances:   2
  Class: nfet                  instances:   2
Circuit contains 5 nets.

Circuit BUFX2 contains no devices.
Contents of circuit 1:  Circuit: 'INVX2'
Circuit INVX2 contains 0 device instances.
Circuit contains 0 nets.
Contents of circuit 2:  Circuit: 'INVX2'
Circuit INVX2 contains 2 device instances.
  Class: pfet                  instances:   1
  Class: nfet                  instances:   1
Circuit contains 4 nets.

Circuit INVX2 contains no devices.
Contents of circuit 1:  Circuit: 'AND2X2'
Circuit AND2X2 contains 0 device instances.
Circuit contains 0 nets.
Contents of circuit 2:  Circuit: 'AND2X2'
Circuit AND2X2 contains 6 device instances.
  Class: pfet                  instances:   3
  Class: nfet                  instances:   3
Circuit contains 7 nets.

Circuit AND2X2 contains no devices.
Contents of circuit 1:  Circuit: 'AOI22X1'
Circuit AOI22X1 contains 0 device instances.
Circuit contains 0 nets.
Contents of circuit 2:  Circuit: 'AOI22X1'
Circuit AOI22X1 contains 8 device instances.
  Class: pfet                  instances:   4
  Class: nfet                  instances:   4
Circuit contains 10 nets.

Circuit AOI22X1 contains no devices.
Contents of circuit 1:  Circuit: 'INVX1'
Circuit INVX1 contains 0 device instances.
Circuit contains 0 nets.
Contents of circuit 2:  Circuit: 'INVX1'
Circuit INVX1 contains 2 device instances.
  Class: pfet                  instances:   1
  Class: nfet                  instances:   1
Circuit contains 4 nets.

Circuit INVX1 contains no devices.
Contents of circuit 1:  Circuit: 'OR2X2'
Circuit OR2X2 contains 0 device instances.
Circuit contains 0 nets.
Contents of circuit 2:  Circuit: 'OR2X2'
Circuit OR2X2 contains 6 device instances.
  Class: pfet                  instances:   3
  Class: nfet                  instances:   3
Circuit contains 7 nets.

Circuit OR2X2 contains no devices.
Contents of circuit 1:  Circuit: 'MUX2X1'
Circuit MUX2X1 contains 0 device instances.
Circuit contains 0 nets.
Contents of circuit 2:  Circuit: 'MUX2X1'
Circuit MUX2X1 contains 10 device instances.
  Class: pfet                  instances:   5
  Class: nfet                  instances:   5
Circuit contains 11 nets.

Circuit MUX2X1 contains no devices.
Contents of circuit 1:  Circuit: 'OAI22X1'
Circuit OAI22X1 contains 0 device instances.
Circuit contains 0 nets.
Contents of circuit 2:  Circuit: 'OAI22X1'
Circuit OAI22X1 contains 8 device instances.
  Class: pfet                  instances:   4
  Class: nfet                  instances:   4
Circuit contains 10 nets.

Circuit OAI22X1 contains no devices.
Contents of circuit 1:  Circuit: 'NOR3X1'
Circuit NOR3X1 contains 0 device instances.
Circuit contains 0 nets.
Contents of circuit 2:  Circuit: 'NOR3X1'
Circuit NOR3X1 contains 9 device instances.
  Class: pfet                  instances:   6
  Class: nfet                  instances:   3
Circuit contains 8 nets.

Circuit NOR3X1 contains no devices.
Contents of circuit 1:  Circuit: 'CLKBUF1'
Circuit CLKBUF1 contains 0 device instances.
Circuit contains 0 nets.
Contents of circuit 2:  Circuit: 'CLKBUF1'
Circuit CLKBUF1 contains 16 device instances.
  Class: pfet                  instances:   8
  Class: nfet                  instances:   8
Circuit contains 7 nets.

Circuit CLKBUF1 contains no devices.
Contents of circuit 1:  Circuit: 'DFFPOSX1'
Circuit DFFPOSX1 contains 0 device instances.
Circuit contains 0 nets.
Contents of circuit 2:  Circuit: 'DFFPOSX1'
Circuit DFFPOSX1 contains 22 device instances.
  Class: pfet                  instances:  11
  Class: nfet                  instances:  11
Circuit contains 17 nets.

Circuit DFFPOSX1 contains no devices.
Contents of circuit 1:  Circuit: 'INVX4'
Circuit INVX4 contains 0 device instances.
Circuit contains 0 nets.
Contents of circuit 2:  Circuit: 'INVX4'
Circuit INVX4 contains 4 device instances.
  Class: pfet                  instances:   2
  Class: nfet                  instances:   2
Circuit contains 4 nets.

Circuit INVX4 contains no devices.
Contents of circuit 1:  Circuit: 'i2c_master_top'
Circuit i2c_master_top contains 1004 device instances.
  Class: NOR3X1                instances:  11
  Class: OR2X2                 instances:   7
  Class: MUX2X1                instances:  18
  Class: AOI22X1               instances:  22
  Class: NOR2X1                instances: 103
  Class: NAND3X1               instances:  78
  Class: OAI22X1               instances:  26
  Class: DFFPOSX1              instances:  11
  Class: AOI21X1               instances:  45
  Class: NAND2X1               instances: 131
  Class: OAI21X1               instances: 178
  Class: BUFX2                 instances:  31
  Class: DFFSR                 instances: 143
  Class: AND2X2                instances:  27
  Class: CLKBUF1               instances:  12
  Class: INVX1                 instances: 139
  Class: INVX2                 instances:  14
  Class: INVX4                 instances:   8
Circuit contains 1025 nets.
Contents of circuit 2:  Circuit: 'i2c_master_top'
Circuit i2c_master_top contains 1004 device instances.
  Class: NOR3X1                instances:  11
  Class: OR2X2                 instances:   7
  Class: MUX2X1                instances:  18
  Class: AOI22X1               instances:  22
  Class: NOR2X1                instances: 103
  Class: NAND3X1               instances:  78
  Class: OAI22X1               instances:  26
  Class: DFFPOSX1              instances:  11
  Class: AOI21X1               instances:  45
  Class: NAND2X1               instances: 131
  Class: OAI21X1               instances: 178
  Class: BUFX2                 instances:  31
  Class: DFFSR                 instances: 143
  Class: AND2X2                instances:  27
  Class: CLKBUF1               instances:  12
  Class: INVX1                 instances: 139
  Class: INVX2                 instances:  14
  Class: INVX4                 instances:   8
Circuit contains 1025 nets.

Circuit 1 contains 1004 devices, Circuit 2 contains 1004 devices.
Circuit 1 contains 1025 nets,    Circuit 2 contains 1025 nets.

Circuits match with 2 symmetries.
Resolving automorphisms by property value.
Resolving automorphisms by pin name.
Netlists match uniquely.
Circuits match correctly.
Result: Circuits match uniquely.
Logging to file "comp.out" disabled
LVS Done.
/home/oleg/tool_RTL_to_GDSII/scripts/count_lvs.py
LVS reports no net, device, pin, or property mismatches.

Total errors = 0
LVS checking script ended on Пт 09 апр 2021 16:30:42 MSK
