Migration logfile created on Пт 09 апр 2021 16:30:37 MSK
magic -dnull -noconsole  migrate_i2c_master_top.tcl

Magic 8.3 revision 98 - Compiled on Вс 17 янв 2021 00:19:06 MSK.
Starting magic under Tcl interpreter
Using the terminal as the console.
Using NULL graphics device.
Processing system .magicrc file
Input style lambda=0.20(p): scaleFactor=20, multiplier=1
Contact size value ignored (using GDS generation rules).
Contact size value ignored (using GDS generation rules).
Contact size value ignored (using GDS generation rules).
Contact size value ignored (using GDS generation rules).
Contact size value ignored (using GDS generation rules).
Contact size value ignored (using GDS generation rules).
4 Magic internal units = 1 Lambda
Loading "migrate_i2c_master_top.tcl" from command line.
Root cell box:
           width x height  (   llx,  lly  ), (   urx,  ury  )

microns:    0.00 x 0.00    (  0.00,  0.00 ), (  0.00,  0.00 )
lambda:     0.00 x 0.00    (  0.00,  0.00 ), (  0.00,  0.00 )
internal:      0 x 0       (     0,  0    ), (     0,  0    )
Reading LEF data from file /home/oleg/tool_RTL_to_GDSII/tech/osu035/osu035_stdcells.lef.
This action cannot be undone.
LEF read, Line 16 (Message): Unknown keyword "OBS" in LEF file; ignoring.
LEF read, Line 17 (Message): Unknown keyword "PIN" in LEF file; ignoring.
LEF read: Processed 3179 lines.
Reading DEF data from file i2c_master_top.def.
This action cannot be undone.
  Processed 3 vias total.
  Processed 1253 subcell instances total.
  Processed 35 pins total.
  Processed 1025 nets total.
  Processed 144 special nets total.
DEF read: Processed 14687 lines.
Generating LEF output i2c_master_top.lef for cell i2c_master_top:
Diagnostic:  Write LEF header for cell i2c_master_top
Diagnostic:  Writing LEF output for cell i2c_master_top
Diagnostic:  Scale value is 0.050000
Extracting INVX2 into INVX2.ext:
Extracting AOI22X1 into AOI22X1.ext:
Extracting NOR3X1 into NOR3X1.ext:
Extracting OR2X2 into OR2X2.ext:
Extracting AOI21X1 into AOI21X1.ext:
Extracting NAND3X1 into NAND3X1.ext:
Extracting INVX4 into INVX4.ext:
Extracting OAI22X1 into OAI22X1.ext:
Extracting MUX2X1 into MUX2X1.ext:
Extracting DFFPOSX1 into DFFPOSX1.ext:
Extracting NAND2X1 into NAND2X1.ext:
Extracting INVX1 into INVX1.ext:
Extracting OAI21X1 into OAI21X1.ext:
Extracting NOR2X1 into NOR2X1.ext:
Extracting FILL into FILL.ext:
Extracting CLKBUF1 into CLKBUF1.ext:
Extracting BUFX2 into BUFX2.ext:
Extracting AND2X2 into AND2X2.ext:
Extracting DFFSR into DFFSR.ext:
Extracting i2c_master_top into i2c_master_top.ext:
exttospice finished.
Migration script ended on Пт 09 апр 2021 16:30:40 MSK
